<?xml version="1.0" encoding="UTF-8"?>
<testsuite name="Start home page swag labs and logout" tests="1" skipped="0" failures="0" errors="0" timestamp="2022-05-25T21:31:26" hostname="MacBook-Air-de-Jaime.local" time="3.37">
  <properties/>
  <testcase name="User can access to home page and log out successful" classname="Start home page swag labs and logout" time="3.37"/>
  <system-out><![CDATA[user: standard_user
Welcome to Swag Lab!!
Close session successful!!
]]></system-out>
  <system-err><![CDATA[may. 25, 2022 4:31:26 P.M. org.openqa.selenium.remote.DesiredCapabilities chrome
INFORMACIÓN: Using `new ChromeOptions()` is preferred to `DesiredCapabilities.chrome()`
[Test worker] INFO net.serenitybdd.core.webdriver.driverproviders.ProvideNewDriver - Instantiating driver
[Test worker] INFO net.serenitybdd.core.webdriver.driverproviders.ProvideNewDriver - Driver capabilities: Capabilities {acceptInsecureCerts: false, browserName: chrome, chrome.switches: --disable-popup-bloking,--i..., goog:chromeOptions: {args: [--disable-popup-bloking, --incognito, --disable-download-notifica..., --start-maximized, --test-type, --ignore-certificate-errors, --allow-running-insecure-co..., --disable-translate, --always-authorize-plugins, --disable-extensions, --disable-dev-shm-usage], extensions: []}, loggingPrefs: org.openqa.selenium.logging..., platform: ANY, version: }
Starting ChromeDriver 101.0.4951.41 (93c720db8323b3ec10d056025ab95c23a31997c9-refs/branch-heads/4951@{#904}) on port 5251
Only local connections are allowed.
Please see https://chromedriver.chromium.org/security-considerations for suggestions on keeping ChromeDriver safe.
ChromeDriver was started successfully.
[1653514287.956][WARNING]: This version of ChromeDriver has not been tested with Chrome version 102.
may. 25, 2022 4:31:27 P.M. org.openqa.selenium.remote.ProtocolHandshake createSession
INFORMACIÓN: Detected dialect: W3C
[Test worker] INFO net.thucydides.core.steps.ConsoleLoggingListener - 
        __    _____ _____ ____ _____   ____   _    ____  ____  _____ ____  
  _     \ \  |_   _| ____/ ___|_   _| |  _ \ / \  / ___|/ ___|| ____|  _ \ 
 (_)_____| |   | | |  _| \___ \ | |   | |_) / _ \ \___ \\___ \|  _| | | | |
  _|_____| |   | | | |___ ___) || |   |  __/ ___ \ ___) |___) | |___| |_| |
 (_)     | |   |_| |_____|____/ |_|   |_| /_/   \_\____/|____/|_____|____/ 
        /_/                                                                

TEST PASSED: User can access to home page and log out successful
----------------------------------------------------------------------------
]]></system-err>
</testsuite>
