<?xml version="1.0" encoding="UTF-8"?>
<testsuite name="Start home page swag labs and logout" tests="1" skipped="1" failures="0" errors="0" timestamp="2022-05-25T20:00:12" hostname="MacBook-Air-de-Jaime.local" time="0.017">
  <properties/>
  <testcase name="User can access to home page and log out successful" classname="Start home page swag labs and logout" time="0.017">
    <skipped/>
  </testcase>
  <system-out><![CDATA[]]></system-out>
  <system-err><![CDATA[[Test worker] INFO net.thucydides.core.steps.ConsoleLoggingListener - TEST PENDING
[Test worker] INFO net.thucydides.core.steps.ConsoleLoggingListener - 
          __  _____ _____ ____ _____   ____  _____ _   _ ____ ___ _   _  ____ 
 _       / / |_   _| ____/ ___|_   _| |  _ \| ____| \ | |  _ \_ _| \ | |/ ___|
(_)____ / /    | | |  _| \___ \ | |   | |_) |  _| |  \| | | | | ||  \| | |  _ 
 |_____/ /     | | | |___ ___) || |   |  __/| |___| |\  | |_| | || |\  | |_| |
(_)   /_/      |_| |_____|____/ |_|   |_|   |_____|_| \_|____/___|_| \_|\____|
                                                                                

TEST PENDING: User can access to home page and log out successful
---------------------------------------------------------------------------------
]]></system-err>
</testsuite>
